0 info it worked if it ends with ok
1 verbose cli [ '/usr/local/bin/node', '/usr/local/bin/npm', 'start' ]
2 info using npm@3.10.3
3 info using node@v6.4.0
4 verbose run-script [ 'prestart', 'start', 'poststart' ]
5 info lifecycle ghost@0.11.4~prestart: ghost@0.11.4
6 silly lifecycle ghost@0.11.4~prestart: no script for prestart, continuing
7 info lifecycle ghost@0.11.4~start: ghost@0.11.4
8 verbose lifecycle ghost@0.11.4~start: unsafe-perm in lifecycle true
9 verbose lifecycle ghost@0.11.4~start: PATH: /usr/local/lib/node_modules/npm/bin/node-gyp-bin:/Users/tangdu/Downloads/Ghost-0.11.4/node_modules/.bin:/usr/local/bin:/Users/tangdu/soft/extjssmd/..:/Users/tangdu/soft/extjssmd/..:/Users/tangdu/soft/senchecmd/..:/Library/Frameworks/Python.framework/Versions/3.4/bin:/usr/local/bin:/usr/bin:/bin:/usr/sbin:/sbin:/usr/local/mysql/bin:/usr/local/go/bin:/Library/Java/JavaVirtualMachines/jdk1.7.0_79.jdk/Contents/Home/bin:/Library/Java/JavaVirtualMachines/jdk1.7.0_79.jdk/Contents/Home/jre/bin:/Users/tangdu/soft/apache-maven-3.3.9/bin:/Users/tangdu/soft/hadoop/apache-ant-1.9.4/bin:/Users/tangdu/soft/gradle/bin:/usr/local/nginx/sbin:/Users/tangdu/soft/groovy-2.4.6/bin:/usr/local/opt/mongodb/bin
10 verbose lifecycle ghost@0.11.4~start: CWD: /Users/tangdu/Downloads/Ghost-0.11.4
11 silly lifecycle ghost@0.11.4~start: Args: [ '-c', 'node index' ]
12 silly lifecycle ghost@0.11.4~start: Returned: code: 231  signal: null
13 info lifecycle ghost@0.11.4~start: Failed to exec start script
14 verbose stack Error: ghost@0.11.4 start: `node index`
14 verbose stack Exit status 231
14 verbose stack     at EventEmitter.<anonymous> (/usr/local/lib/node_modules/npm/lib/utils/lifecycle.js:242:16)
14 verbose stack     at emitTwo (events.js:106:13)
14 verbose stack     at EventEmitter.emit (events.js:191:7)
14 verbose stack     at ChildProcess.<anonymous> (/usr/local/lib/node_modules/npm/lib/utils/spawn.js:40:14)
14 verbose stack     at emitTwo (events.js:106:13)
14 verbose stack     at ChildProcess.emit (events.js:191:7)
14 verbose stack     at maybeClose (internal/child_process.js:852:16)
14 verbose stack     at Process.ChildProcess._handle.onexit (internal/child_process.js:215:5)
15 verbose pkgid ghost@0.11.4
16 verbose cwd /Users/tangdu/Downloads/Ghost-0.11.4
17 error Darwin 16.3.0
18 error argv "/usr/local/bin/node" "/usr/local/bin/npm" "start"
19 error node v6.4.0
20 error npm  v3.10.3
21 error code ELIFECYCLE
22 error ghost@0.11.4 start: `node index`
22 error Exit status 231
23 error Failed at the ghost@0.11.4 start script 'node index'.
23 error Make sure you have the latest version of node.js and npm installed.
23 error If you do, this is most likely a problem with the ghost package,
23 error not with npm itself.
23 error Tell the author that this fails on your system:
23 error     node index
23 error You can get information on how to open an issue for this project with:
23 error     npm bugs ghost
23 error Or if that isn't available, you can get their info via:
23 error     npm owner ls ghost
23 error There is likely additional logging output above.
24 verbose exit [ 1, true ]
